# JRE version: OpenJDK Runtime Environment (21.0.5) (build 21.0.5+-12932927-b750.29)
# Java VM: OpenJDK 64-Bit Server VM (21.0.5+-12932927-b750.29, mixed mode, tiered, compressed oops, compressed class ptrs, g1 gc, windows-amd64)
GC Precious Log:
 CardTable entry size: 512
 Card Set container configuration: InlinePtr #cards 4 size 8 Array Of Cards #cards 16 size 48 Howl #buckets 8 coarsen threshold 3686 Howl Bitmap #cards 512 size 80 coarsen threshold 460 Card regions per heap region 1 cards per card region 4096
 CPUs: 8 total, 8 available
 Memory: 15647M
 Large Page Support: Disabled
 NUMA Support: Disabled
 Compressed Oops: Enabled (Zero based)
 Heap Region Size: 2M
 Heap Min Capacity: 8M
 Heap Initial Capacity: 246M
 Heap Max Capacity: 4G
 Pre-touch: Disabled
 Parallel Workers: 8
 Concurrent Workers: 2
 Concurrent Refinement Workers: 8
 Periodic GC: Disabled
Heap:
 garbage-first heap   total 432128K, used 284391K [0x0000000700000000, 0x0000000800000000)
  region size 2048K, 67 young (137216K), 5 survivors (10240K)
 Metaspace       used 170782K, committed 173376K, reserved 1245184K
  class space    used 22697K, committed 24000K, reserved 1048576K
GC Heap History (20 events):
Event: 400.033 GC heap before
{Heap before GC invocations=73 (full 0):
 garbage-first heap   total 407552K, used 387654K [0x0000000700000000, 0x0000000800000000)
  region size 2048K, 97 young (198656K), 9 survivors (18432K)
 Metaspace       used 165367K, committed 167872K, reserved 1245184K
  class space    used 22437K, committed 23680K, reserved 1048576K
}
Event: 400.045 GC heap after
{Heap after GC invocations=74 (full 0):
 garbage-first heap   total 409600K, used 175566K [0x0000000700000000, 0x0000000800000000)
  region size 2048K, 5 young (10240K), 5 survivors (10240K)
 Metaspace       used 165367K, committed 167872K, reserved 1245184K
  class space    used 22437K, committed 23680K, reserved 1048576K
}
Event: 514.434 GC heap before
{Heap before GC invocations=74 (full 0):
 garbage-first heap   total 409600K, used 378318K [0x0000000700000000, 0x0000000800000000)
  region size 2048K, 104 young (212992K), 5 survivors (10240K)
 Metaspace       used 165812K, committed 168384K, reserved 1245184K
  class space    used 22444K, committed 23744K, reserved 1048576K
}
Event: 514.452 GC heap after
{Heap after GC invocations=75 (full 0):
 garbage-first heap   total 409600K, used 183059K [0x0000000700000000, 0x0000000800000000)
  region size 2048K, 9 young (18432K), 9 survivors (18432K)
 Metaspace       used 165812K, committed 168384K, reserved 1245184K
  class space    used 22444K, committed 23744K, reserved 1048576K
}
Event: 552.259 GC heap before
{Heap before GC invocations=76 (full 0):
 garbage-first heap   total 409600K, used 367379K [0x0000000700000000, 0x0000000800000000)
  region size 2048K, 100 young (204800K), 9 survivors (18432K)
 Metaspace       used 166196K, committed 168768K, reserved 1245184K
  class space    used 22441K, committed 23744K, reserved 1048576K
}
Event: 552.276 GC heap after
{Heap after GC invocations=77 (full 0):
 garbage-first heap   total 409600K, used 188011K [0x0000000700000000, 0x0000000800000000)
  region size 2048K, 10 young (20480K), 10 survivors (20480K)
 Metaspace       used 166196K, committed 168768K, reserved 1245184K
  class space    used 22441K, committed 23744K, reserved 1048576K
}
Event: 1298.446 GC heap before
{Heap before GC invocations=77 (full 0):
 garbage-first heap   total 409600K, used 388715K [0x0000000700000000, 0x0000000800000000)
  region size 2048K, 97 young (198656K), 10 survivors (20480K)
 Metaspace       used 166607K, committed 169152K, reserved 1245184K
  class space    used 22444K, committed 23744K, reserved 1048576K
}
Event: 1298.464 GC heap after
{Heap after GC invocations=78 (full 0):
 garbage-first heap   total 415744K, used 175546K [0x0000000700000000, 0x0000000800000000)
  region size 2048K, 8 young (16384K), 8 survivors (16384K)
 Metaspace       used 166607K, committed 169152K, reserved 1245184K
  class space    used 22444K, committed 23744K, reserved 1048576K
}
Event: 1422.504 GC heap before
{Heap before GC invocations=78 (full 0):
 garbage-first heap   total 415744K, used 374202K [0x0000000700000000, 0x0000000800000000)
  region size 2048K, 105 young (215040K), 8 survivors (16384K)
 Metaspace       used 166915K, committed 169472K, reserved 1245184K
  class space    used 22447K, committed 23744K, reserved 1048576K
}
Event: 1422.507 GC heap after
{Heap after GC invocations=79 (full 0):
 garbage-first heap   total 415744K, used 162786K [0x0000000700000000, 0x0000000800000000)
  region size 2048K, 2 young (4096K), 2 survivors (4096K)
 Metaspace       used 166915K, committed 169472K, reserved 1245184K
  class space    used 22447K, committed 23744K, reserved 1048576K
}
Event: 1535.803 GC heap before
{Heap before GC invocations=80 (full 0):
 garbage-first heap   total 415744K, used 377176K [0x0000000700000000, 0x0000000800000000)
  region size 2048K, 108 young (221184K), 2 survivors (4096K)
 Metaspace       used 167219K, committed 169792K, reserved 1245184K
  class space    used 22455K, committed 23744K, reserved 1048576K
}
Event: 1535.812 GC heap after
{Heap after GC invocations=81 (full 0):
 garbage-first heap   total 415744K, used 172261K [0x0000000700000000, 0x0000000800000000)
  region size 2048K, 7 young (14336K), 7 survivors (14336K)
 Metaspace       used 167219K, committed 169792K, reserved 1245184K
  class space    used 22455K, committed 23744K, reserved 1048576K
}
Event: 1583.587 GC heap before
{Heap before GC invocations=81 (full 0):
 garbage-first heap   total 415744K, used 375013K [0x0000000700000000, 0x0000000800000000)
  region size 2048K, 107 young (219136K), 7 survivors (14336K)
 Metaspace       used 167487K, committed 169984K, reserved 1245184K
  class space    used 22461K, committed 23744K, reserved 1048576K
}
Event: 1583.603 GC heap after
{Heap after GC invocations=82 (full 0):
 garbage-first heap   total 415744K, used 158435K [0x0000000700000000, 0x0000000800000000)
  region size 2048K, 10 young (20480K), 10 survivors (20480K)
 Metaspace       used 167487K, committed 169984K, reserved 1245184K
  class space    used 22461K, committed 23744K, reserved 1048576K
}
Event: 1584.107 GC heap before
{Heap before GC invocations=82 (full 0):
 garbage-first heap   total 415744K, used 260835K [0x0000000700000000, 0x0000000800000000)
  region size 2048K, 62 young (126976K), 10 survivors (20480K)
 Metaspace       used 167715K, committed 170304K, reserved 1245184K
  class space    used 22462K, committed 23744K, reserved 1048576K
}
Event: 1584.116 GC heap after
{Heap after GC invocations=83 (full 0):
 garbage-first heap   total 415744K, used 157739K [0x0000000700000000, 0x0000000800000000)
  region size 2048K, 2 young (4096K), 2 survivors (4096K)
 Metaspace       used 167715K, committed 170304K, reserved 1245184K
  class space    used 22462K, committed 23744K, reserved 1048576K
}
Event: 1975.711 GC heap before
{Heap before GC invocations=84 (full 0):
 garbage-first heap   total 415744K, used 411691K [0x0000000700000000, 0x0000000800000000)
  region size 2048K, 107 young (219136K), 2 survivors (4096K)
 Metaspace       used 168539K, committed 171200K, reserved 1245184K
  class space    used 22527K, committed 23872K, reserved 1048576K
}
Event: 1975.725 GC heap after
{Heap after GC invocations=85 (full 0):
 garbage-first heap   total 432128K, used 171691K [0x0000000700000000, 0x0000000800000000)
  region size 2048K, 8 young (16384K), 8 survivors (16384K)
 Metaspace       used 168539K, committed 171200K, reserved 1245184K
  class space    used 22527K, committed 23872K, reserved 1048576K
}
Event: 2309.490 GC heap before
{Heap before GC invocations=85 (full 0):
 garbage-first heap   total 432128K, used 394923K [0x0000000700000000, 0x0000000800000000)
  region size 2048K, 115 young (235520K), 8 survivors (16384K)
 Metaspace       used 170293K, committed 172928K, reserved 1245184K
  class space    used 22683K, committed 24000K, reserved 1048576K
}
Event: 2309.500 GC heap after
{Heap after GC invocations=86 (full 0):
 garbage-first heap   total 432128K, used 161511K [0x0000000700000000, 0x0000000800000000)
  region size 2048K, 5 young (10240K), 5 survivors (10240K)
 Metaspace       used 170293K, committed 172928K, reserved 1245184K
  class space    used 22683K, committed 24000K, reserved 1048576K
}

