# JRE version: OpenJDK Runtime Environment (21.0.5) (build 21.0.5+-12932927-b750.29)
# Java VM: OpenJDK 64-Bit Server VM (21.0.5+-12932927-b750.29, mixed mode, tiered, compressed oops, compressed class ptrs, g1 gc, windows-amd64)
GC Precious Log:
 CardTable entry size: 512
 Card Set container configuration: InlinePtr #cards 4 size 8 Array Of Cards #cards 16 size 48 Howl #buckets 8 coarsen threshold 3686 Howl Bitmap #cards 512 size 80 coarsen threshold 460 Card regions per heap region 1 cards per card region 4096
 CPUs: 8 total, 8 available
 Memory: 15647M
 Large Page Support: Disabled
 NUMA Support: Disabled
 Compressed Oops: Enabled (Zero based)
 Heap Region Size: 2M
 Heap Min Capacity: 8M
 Heap Initial Capacity: 246M
 Heap Max Capacity: 4G
 Pre-touch: Disabled
 Parallel Workers: 8
 Concurrent Workers: 2
 Concurrent Refinement Workers: 8
 Periodic GC: Disabled
Heap:
 garbage-first heap   total 92160K, used 40091K [0x0000000700000000, 0x0000000800000000)
  region size 2048K, 5 young (10240K), 3 survivors (6144K)
 Metaspace       used 56265K, committed 57728K, reserved 1114112K
  class space    used 7558K, committed 8320K, reserved 1048576K
GC Heap History (20 events):
Event: 1.598 GC heap before
{Heap before GC invocations=1 (full 0):
 garbage-first heap   total 251904K, used 49129K [0x0000000700000000, 0x0000000800000000)
  region size 2048K, 22 young (45056K), 1 survivors (2048K)
 Metaspace       used 12153K, committed 12352K, reserved 1114112K
  class space    used 1274K, committed 1408K, reserved 1048576K
}
Event: 1.602 GC heap after
{Heap after GC invocations=2 (full 0):
 garbage-first heap   total 251904K, used 11398K [0x0000000700000000, 0x0000000800000000)
  region size 2048K, 3 young (6144K), 3 survivors (6144K)
 Metaspace       used 12153K, committed 12352K, reserved 1114112K
  class space    used 1274K, committed 1408K, reserved 1048576K
}
Event: 2.766 GC heap before
{Heap before GC invocations=2 (full 0):
 garbage-first heap   total 251904K, used 66694K [0x0000000700000000, 0x0000000800000000)
  region size 2048K, 30 young (61440K), 3 survivors (6144K)
 Metaspace       used 18677K, committed 19008K, reserved 1114112K
  class space    used 2088K, committed 2240K, reserved 1048576K
}
Event: 2.773 GC heap after
{Heap after GC invocations=3 (full 0):
 garbage-first heap   total 251904K, used 20368K [0x0000000700000000, 0x0000000800000000)
  region size 2048K, 4 young (8192K), 4 survivors (8192K)
 Metaspace       used 18677K, committed 19008K, reserved 1114112K
  class space    used 2088K, committed 2240K, reserved 1048576K
}
Event: 3.001 GC heap before
{Heap before GC invocations=3 (full 0):
 garbage-first heap   total 251904K, used 30608K [0x0000000700000000, 0x0000000800000000)
  region size 2048K, 11 young (22528K), 4 survivors (8192K)
 Metaspace       used 21181K, committed 21504K, reserved 1114112K
  class space    used 2437K, committed 2624K, reserved 1048576K
}
Event: 3.004 GC heap after
{Heap after GC invocations=4 (full 0):
 garbage-first heap   total 251904K, used 21096K [0x0000000700000000, 0x0000000800000000)
  region size 2048K, 5 young (10240K), 5 survivors (10240K)
 Metaspace       used 21181K, committed 21504K, reserved 1114112K
  class space    used 2437K, committed 2624K, reserved 1048576K
}
Event: 3.663 GC heap before
{Heap before GC invocations=5 (full 0):
 garbage-first heap   total 75776K, used 55912K [0x0000000700000000, 0x0000000800000000)
  region size 2048K, 22 young (45056K), 5 survivors (10240K)
 Metaspace       used 27121K, committed 27648K, reserved 1114112K
  class space    used 3351K, committed 3584K, reserved 1048576K
}
Event: 3.667 GC heap after
{Heap after GC invocations=6 (full 0):
 garbage-first heap   total 75776K, used 22943K [0x0000000700000000, 0x0000000800000000)
  region size 2048K, 2 young (4096K), 2 survivors (4096K)
 Metaspace       used 27121K, committed 27648K, reserved 1114112K
  class space    used 3351K, committed 3584K, reserved 1048576K
}
Event: 4.433 GC heap before
{Heap before GC invocations=6 (full 0):
 garbage-first heap   total 75776K, used 59807K [0x0000000700000000, 0x0000000800000000)
  region size 2048K, 20 young (40960K), 2 survivors (4096K)
 Metaspace       used 31980K, committed 32768K, reserved 1114112K
  class space    used 4176K, committed 4544K, reserved 1048576K
}
Event: 4.437 GC heap after
{Heap after GC invocations=7 (full 0):
 garbage-first heap   total 75776K, used 25689K [0x0000000700000000, 0x0000000800000000)
  region size 2048K, 3 young (6144K), 3 survivors (6144K)
 Metaspace       used 31980K, committed 32768K, reserved 1114112K
  class space    used 4176K, committed 4544K, reserved 1048576K
}
Event: 4.844 GC heap before
{Heap before GC invocations=7 (full 0):
 garbage-first heap   total 75776K, used 46169K [0x0000000700000000, 0x0000000800000000)
  region size 2048K, 14 young (28672K), 3 survivors (6144K)
 Metaspace       used 35109K, committed 35968K, reserved 1114112K
  class space    used 4686K, committed 5120K, reserved 1048576K
}
Event: 4.848 GC heap after
{Heap after GC invocations=8 (full 0):
 garbage-first heap   total 75776K, used 26535K [0x0000000700000000, 0x0000000800000000)
  region size 2048K, 3 young (6144K), 3 survivors (6144K)
 Metaspace       used 35109K, committed 35968K, reserved 1114112K
  class space    used 4686K, committed 5120K, reserved 1048576K
}
Event: 5.419 GC heap before
{Heap before GC invocations=9 (full 0):
 garbage-first heap   total 75776K, used 61351K [0x0000000700000000, 0x0000000800000000)
  region size 2048K, 20 young (40960K), 3 survivors (6144K)
 Metaspace       used 39536K, committed 40768K, reserved 1114112K
  class space    used 5419K, committed 6016K, reserved 1048576K
}
Event: 5.423 GC heap after
{Heap after GC invocations=10 (full 0):
 garbage-first heap   total 75776K, used 28598K [0x0000000700000000, 0x0000000800000000)
  region size 2048K, 2 young (4096K), 2 survivors (4096K)
 Metaspace       used 39536K, committed 40768K, reserved 1114112K
  class space    used 5419K, committed 6016K, reserved 1048576K
}
Event: 5.904 GC heap before
{Heap before GC invocations=10 (full 0):
 garbage-first heap   total 75776K, used 61366K [0x0000000700000000, 0x0000000800000000)
  region size 2048K, 19 young (38912K), 2 survivors (4096K)
 Metaspace       used 45602K, committed 46720K, reserved 1114112K
  class space    used 6058K, committed 6592K, reserved 1048576K
}
Event: 5.909 GC heap after
{Heap after GC invocations=11 (full 0):
 garbage-first heap   total 75776K, used 31998K [0x0000000700000000, 0x0000000800000000)
  region size 2048K, 3 young (6144K), 3 survivors (6144K)
 Metaspace       used 45602K, committed 46720K, reserved 1114112K
  class space    used 6058K, committed 6592K, reserved 1048576K
}
Event: 6.155 GC heap before
{Heap before GC invocations=11 (full 0):
 garbage-first heap   total 75776K, used 62718K [0x0000000700000000, 0x0000000800000000)
  region size 2048K, 18 young (36864K), 3 survivors (6144K)
 Metaspace       used 46648K, committed 47872K, reserved 1114112K
  class space    used 6224K, committed 6848K, reserved 1048576K
}
Event: 6.159 GC heap after
{Heap after GC invocations=12 (full 0):
 garbage-first heap   total 75776K, used 34159K [0x0000000700000000, 0x0000000800000000)
  region size 2048K, 1 young (2048K), 1 survivors (2048K)
 Metaspace       used 46648K, committed 47872K, reserved 1114112K
  class space    used 6224K, committed 6848K, reserved 1048576K
}
Event: 6.804 GC heap before
{Heap before GC invocations=12 (full 0):
 garbage-first heap   total 75776K, used 64879K [0x0000000700000000, 0x0000000800000000)
  region size 2048K, 17 young (34816K), 1 survivors (2048K)
 Metaspace       used 49948K, committed 51392K, reserved 1114112K
  class space    used 6757K, committed 7488K, reserved 1048576K
}
Event: 6.807 GC heap after
{Heap after GC invocations=13 (full 0):
 garbage-first heap   total 92160K, used 36387K [0x0000000700000000, 0x0000000800000000)
  region size 2048K, 3 young (6144K), 3 survivors (6144K)
 Metaspace       used 49948K, committed 51392K, reserved 1114112K
  class space    used 6757K, committed 7488K, reserved 1048576K
}

